# JRE version: OpenJDK Runtime Environment Temurin-21.0.7+6 (21.0.7+6) (build 21.0.7+6-LTS)
# Java VM: OpenJDK 64-Bit Server VM Temurin-21.0.7+6 (21.0.7+6-LTS, mixed mode, sharing, tiered, compressed oops, compressed class ptrs, parallel gc, windows-amd64)
GC Precious Log:
 CardTable entry size: 512
 CPUs: 12 total, 12 available
 Memory: 16106M
 Large Page Support: Disabled
 NUMA Support: Disabled
 Compressed Oops: Enabled (32-bit)
 Alignments: Space 512K, Generation 512K, Heap 2M
 Heap Min Capacity: 100M
 Heap Initial Capacity: 100M
 Heap Max Capacity: 1G
 Pre-touch: Disabled
 Parallel Workers: 10
Heap:
 PSYoungGen      total 22016K, used 16489K [0x00000000eab00000, 0x00000000ec400000, 0x0000000100000000)
  eden space 18432K, 70% used [0x00000000eab00000,0x00000000eb79ad30,0x00000000ebd00000)
  from space 3584K, 99% used [0x00000000ebd00000,0x00000000ec07f890,0x00000000ec080000)
  to   space 3584K, 0% used [0x00000000ec080000,0x00000000ec080000,0x00000000ec400000)
 ParOldGen       total 68608K, used 50610K [0x00000000c0000000, 0x00000000c4300000, 0x00000000eab00000)
  object space 68608K, 73% used [0x00000000c0000000,0x00000000c316c8f0,0x00000000c4300000)
 Metaspace       used 47985K, committed 49280K, reserved 1114112K
  class space    used 5072K, committed 5632K, reserved 1048576K
GC Heap History (20 events):
Event: 3.599 GC heap before
{Heap before GC invocations=22 (full 2):
 PSYoungGen      total 22528K, used 22368K [0x00000000eab00000, 0x00000000ec400000, 0x0000000100000000)
  eden space 20480K, 100% used [0x00000000eab00000,0x00000000ebf00000,0x00000000ebf00000)
  from space 2048K, 92% used [0x00000000ebf00000,0x00000000ec0d81d0,0x00000000ec100000)
  to   space 2560K, 0% used [0x00000000ec180000,0x00000000ec180000,0x00000000ec400000)
 ParOldGen       total 68608K, used 24229K [0x00000000c0000000, 0x00000000c4300000, 0x00000000eab00000)
  object space 68608K, 35% used [0x00000000c0000000,0x00000000c17a97a0,0x00000000c4300000)
 Metaspace       used 46264K, committed 47488K, reserved 1114112K
  class space    used 4901K, committed 5440K, reserved 1048576K
}
Event: 3.600 GC heap after
{Heap after GC invocations=22 (full 2):
 PSYoungGen      total 20992K, used 2529K [0x00000000eab00000, 0x00000000ec800000, 0x0000000100000000)
  eden space 18432K, 0% used [0x00000000eab00000,0x00000000eab00000,0x00000000ebd00000)
  from space 2560K, 98% used [0x00000000ec180000,0x00000000ec3f87d8,0x00000000ec400000)
  to   space 4608K, 0% used [0x00000000ebd00000,0x00000000ebd00000,0x00000000ec180000)
 ParOldGen       total 68608K, used 25798K [0x00000000c0000000, 0x00000000c4300000, 0x00000000eab00000)
  object space 68608K, 37% used [0x00000000c0000000,0x00000000c1931800,0x00000000c4300000)
 Metaspace       used 46264K, committed 47488K, reserved 1114112K
  class space    used 4901K, committed 5440K, reserved 1048576K
}
Event: 3.623 GC heap before
{Heap before GC invocations=23 (full 2):
 PSYoungGen      total 20992K, used 20961K [0x00000000eab00000, 0x00000000ec800000, 0x0000000100000000)
  eden space 18432K, 100% used [0x00000000eab00000,0x00000000ebd00000,0x00000000ebd00000)
  from space 2560K, 98% used [0x00000000ec180000,0x00000000ec3f87d8,0x00000000ec400000)
  to   space 4608K, 0% used [0x00000000ebd00000,0x00000000ebd00000,0x00000000ec180000)
 ParOldGen       total 68608K, used 25798K [0x00000000c0000000, 0x00000000c4300000, 0x00000000eab00000)
  object space 68608K, 37% used [0x00000000c0000000,0x00000000c1931800,0x00000000c4300000)
 Metaspace       used 46338K, committed 47552K, reserved 1114112K
  class space    used 4904K, committed 5440K, reserved 1048576K
}
Event: 3.625 GC heap after
{Heap after GC invocations=23 (full 2):
 PSYoungGen      total 20992K, used 2523K [0x00000000eab00000, 0x00000000ec400000, 0x0000000100000000)
  eden space 18432K, 0% used [0x00000000eab00000,0x00000000eab00000,0x00000000ebd00000)
  from space 2560K, 98% used [0x00000000ebd00000,0x00000000ebf76c18,0x00000000ebf80000)
  to   space 3584K, 0% used [0x00000000ec080000,0x00000000ec080000,0x00000000ec400000)
 ParOldGen       total 68608K, used 28155K [0x00000000c0000000, 0x00000000c4300000, 0x00000000eab00000)
  object space 68608K, 41% used [0x00000000c0000000,0x00000000c1b7ecc8,0x00000000c4300000)
 Metaspace       used 46338K, committed 47552K, reserved 1114112K
  class space    used 4904K, committed 5440K, reserved 1048576K
}
Event: 3.653 GC heap before
{Heap before GC invocations=24 (full 2):
 PSYoungGen      total 20992K, used 20955K [0x00000000eab00000, 0x00000000ec400000, 0x0000000100000000)
  eden space 18432K, 100% used [0x00000000eab00000,0x00000000ebd00000,0x00000000ebd00000)
  from space 2560K, 98% used [0x00000000ebd00000,0x00000000ebf76c18,0x00000000ebf80000)
  to   space 3584K, 0% used [0x00000000ec080000,0x00000000ec080000,0x00000000ec400000)
 ParOldGen       total 68608K, used 28155K [0x00000000c0000000, 0x00000000c4300000, 0x00000000eab00000)
  object space 68608K, 41% used [0x00000000c0000000,0x00000000c1b7ecc8,0x00000000c4300000)
 Metaspace       used 46374K, committed 47616K, reserved 1114112K
  class space    used 4904K, committed 5440K, reserved 1048576K
}
Event: 3.655 GC heap after
{Heap after GC invocations=24 (full 2):
 PSYoungGen      total 21504K, used 2712K [0x00000000eab00000, 0x00000000ec380000, 0x0000000100000000)
  eden space 18432K, 0% used [0x00000000eab00000,0x00000000eab00000,0x00000000ebd00000)
  from space 3072K, 88% used [0x00000000ec080000,0x00000000ec326008,0x00000000ec380000)
  to   space 3072K, 0% used [0x00000000ebd80000,0x00000000ebd80000,0x00000000ec080000)
 ParOldGen       total 68608K, used 30451K [0x00000000c0000000, 0x00000000c4300000, 0x00000000eab00000)
  object space 68608K, 44% used [0x00000000c0000000,0x00000000c1dbce90,0x00000000c4300000)
 Metaspace       used 46374K, committed 47616K, reserved 1114112K
  class space    used 4904K, committed 5440K, reserved 1048576K
}
Event: 3.685 GC heap before
{Heap before GC invocations=25 (full 2):
 PSYoungGen      total 21504K, used 21144K [0x00000000eab00000, 0x00000000ec380000, 0x0000000100000000)
  eden space 18432K, 100% used [0x00000000eab00000,0x00000000ebd00000,0x00000000ebd00000)
  from space 3072K, 88% used [0x00000000ec080000,0x00000000ec326008,0x00000000ec380000)
  to   space 3072K, 0% used [0x00000000ebd80000,0x00000000ebd80000,0x00000000ec080000)
 ParOldGen       total 68608K, used 30451K [0x00000000c0000000, 0x00000000c4300000, 0x00000000eab00000)
  object space 68608K, 44% used [0x00000000c0000000,0x00000000c1dbce90,0x00000000c4300000)
 Metaspace       used 46456K, committed 47616K, reserved 1114112K
  class space    used 4912K, committed 5440K, reserved 1048576K
}
Event: 3.687 GC heap after
{Heap after GC invocations=25 (full 2):
 PSYoungGen      total 21504K, used 2785K [0x00000000eab00000, 0x00000000ec300000, 0x0000000100000000)
  eden space 18432K, 0% used [0x00000000eab00000,0x00000000eab00000,0x00000000ebd00000)
  from space 3072K, 90% used [0x00000000ebd80000,0x00000000ec038608,0x00000000ec080000)
  to   space 2560K, 0% used [0x00000000ec080000,0x00000000ec080000,0x00000000ec300000)
 ParOldGen       total 68608K, used 32862K [0x00000000c0000000, 0x00000000c4300000, 0x00000000eab00000)
  object space 68608K, 47% used [0x00000000c0000000,0x00000000c2017be8,0x00000000c4300000)
 Metaspace       used 46456K, committed 47616K, reserved 1114112K
  class space    used 4912K, committed 5440K, reserved 1048576K
}
Event: 3.713 GC heap before
{Heap before GC invocations=26 (full 2):
 PSYoungGen      total 21504K, used 21217K [0x00000000eab00000, 0x00000000ec300000, 0x0000000100000000)
  eden space 18432K, 100% used [0x00000000eab00000,0x00000000ebd00000,0x00000000ebd00000)
  from space 3072K, 90% used [0x00000000ebd80000,0x00000000ec038608,0x00000000ec080000)
  to   space 2560K, 0% used [0x00000000ec080000,0x00000000ec080000,0x00000000ec300000)
 ParOldGen       total 68608K, used 32862K [0x00000000c0000000, 0x00000000c4300000, 0x00000000eab00000)
  object space 68608K, 47% used [0x00000000c0000000,0x00000000c2017be8,0x00000000c4300000)
 Metaspace       used 46577K, committed 47808K, reserved 1114112K
  class space    used 4919K, committed 5440K, reserved 1048576K
}
Event: 3.715 GC heap after
{Heap after GC invocations=26 (full 2):
 PSYoungGen      total 20992K, used 2552K [0x00000000eab00000, 0x00000000ec300000, 0x0000000100000000)
  eden space 18432K, 0% used [0x00000000eab00000,0x00000000eab00000,0x00000000ebd00000)
  from space 2560K, 99% used [0x00000000ec080000,0x00000000ec2fe3b8,0x00000000ec300000)
  to   space 3072K, 0% used [0x00000000ebd80000,0x00000000ebd80000,0x00000000ec080000)
 ParOldGen       total 68608K, used 35567K [0x00000000c0000000, 0x00000000c4300000, 0x00000000eab00000)
  object space 68608K, 51% used [0x00000000c0000000,0x00000000c22bbc10,0x00000000c4300000)
 Metaspace       used 46577K, committed 47808K, reserved 1114112K
  class space    used 4919K, committed 5440K, reserved 1048576K
}
Event: 3.740 GC heap before
{Heap before GC invocations=27 (full 2):
 PSYoungGen      total 20992K, used 20984K [0x00000000eab00000, 0x00000000ec300000, 0x0000000100000000)
  eden space 18432K, 100% used [0x00000000eab00000,0x00000000ebd00000,0x00000000ebd00000)
  from space 2560K, 99% used [0x00000000ec080000,0x00000000ec2fe3b8,0x00000000ec300000)
  to   space 3072K, 0% used [0x00000000ebd80000,0x00000000ebd80000,0x00000000ec080000)
 ParOldGen       total 68608K, used 35567K [0x00000000c0000000, 0x00000000c4300000, 0x00000000eab00000)
  object space 68608K, 51% used [0x00000000c0000000,0x00000000c22bbc10,0x00000000c4300000)
 Metaspace       used 46610K, committed 47808K, reserved 1114112K
  class space    used 4919K, committed 5440K, reserved 1048576K
}
Event: 3.742 GC heap after
{Heap after GC invocations=27 (full 2):
 PSYoungGen      total 21504K, used 2969K [0x00000000eab00000, 0x00000000ec500000, 0x0000000100000000)
  eden space 18432K, 0% used [0x00000000eab00000,0x00000000eab00000,0x00000000ebd00000)
  from space 3072K, 96% used [0x00000000ebd80000,0x00000000ec066690,0x00000000ec080000)
  to   space 4096K, 0% used [0x00000000ec100000,0x00000000ec100000,0x00000000ec500000)
 ParOldGen       total 68608K, used 38072K [0x00000000c0000000, 0x00000000c4300000, 0x00000000eab00000)
  object space 68608K, 55% used [0x00000000c0000000,0x00000000c252e148,0x00000000c4300000)
 Metaspace       used 46610K, committed 47808K, reserved 1114112K
  class space    used 4919K, committed 5440K, reserved 1048576K
}
Event: 3.762 GC heap before
{Heap before GC invocations=28 (full 2):
 PSYoungGen      total 21504K, used 21401K [0x00000000eab00000, 0x00000000ec500000, 0x0000000100000000)
  eden space 18432K, 100% used [0x00000000eab00000,0x00000000ebd00000,0x00000000ebd00000)
  from space 3072K, 96% used [0x00000000ebd80000,0x00000000ec066690,0x00000000ec080000)
  to   space 4096K, 0% used [0x00000000ec100000,0x00000000ec100000,0x00000000ec500000)
 ParOldGen       total 68608K, used 38072K [0x00000000c0000000, 0x00000000c4300000, 0x00000000eab00000)
  object space 68608K, 55% used [0x00000000c0000000,0x00000000c252e148,0x00000000c4300000)
 Metaspace       used 46636K, committed 47872K, reserved 1114112K
  class space    used 4919K, committed 5440K, reserved 1048576K
}
Event: 3.764 GC heap after
{Heap after GC invocations=28 (full 2):
 PSYoungGen      total 21504K, used 2976K [0x00000000eab00000, 0x00000000ec400000, 0x0000000100000000)
  eden space 18432K, 0% used [0x00000000eab00000,0x00000000eab00000,0x00000000ebd00000)
  from space 3072K, 96% used [0x00000000ec100000,0x00000000ec3e8068,0x00000000ec400000)
  to   space 3584K, 0% used [0x00000000ebd00000,0x00000000ebd00000,0x00000000ec080000)
 ParOldGen       total 68608K, used 40869K [0x00000000c0000000, 0x00000000c4300000, 0x00000000eab00000)
  object space 68608K, 59% used [0x00000000c0000000,0x00000000c27e9770,0x00000000c4300000)
 Metaspace       used 46636K, committed 47872K, reserved 1114112K
  class space    used 4919K, committed 5440K, reserved 1048576K
}
Event: 3.790 GC heap before
{Heap before GC invocations=29 (full 2):
 PSYoungGen      total 21504K, used 21408K [0x00000000eab00000, 0x00000000ec400000, 0x0000000100000000)
  eden space 18432K, 100% used [0x00000000eab00000,0x00000000ebd00000,0x00000000ebd00000)
  from space 3072K, 96% used [0x00000000ec100000,0x00000000ec3e8068,0x00000000ec400000)
  to   space 3584K, 0% used [0x00000000ebd00000,0x00000000ebd00000,0x00000000ec080000)
 ParOldGen       total 68608K, used 40869K [0x00000000c0000000, 0x00000000c4300000, 0x00000000eab00000)
  object space 68608K, 59% used [0x00000000c0000000,0x00000000c27e9770,0x00000000c4300000)
 Metaspace       used 46812K, committed 48000K, reserved 1114112K
  class space    used 4933K, committed 5440K, reserved 1048576K
}
Event: 3.791 GC heap after
{Heap after GC invocations=29 (full 2):
 PSYoungGen      total 22016K, used 3167K [0x00000000eab00000, 0x00000000ec400000, 0x0000000100000000)
  eden space 18432K, 0% used [0x00000000eab00000,0x00000000eab00000,0x00000000ebd00000)
  from space 3584K, 88% used [0x00000000ebd00000,0x00000000ec017ef8,0x00000000ec080000)
  to   space 3584K, 0% used [0x00000000ec080000,0x00000000ec080000,0x00000000ec400000)
 ParOldGen       total 68608K, used 43669K [0x00000000c0000000, 0x00000000c4300000, 0x00000000eab00000)
  object space 68608K, 63% used [0x00000000c0000000,0x00000000c2aa5630,0x00000000c4300000)
 Metaspace       used 46812K, committed 48000K, reserved 1114112K
  class space    used 4933K, committed 5440K, reserved 1048576K
}
Event: 3.826 GC heap before
{Heap before GC invocations=30 (full 2):
 PSYoungGen      total 22016K, used 21599K [0x00000000eab00000, 0x00000000ec400000, 0x0000000100000000)
  eden space 18432K, 100% used [0x00000000eab00000,0x00000000ebd00000,0x00000000ebd00000)
  from space 3584K, 88% used [0x00000000ebd00000,0x00000000ec017ef8,0x00000000ec080000)
  to   space 3584K, 0% used [0x00000000ec080000,0x00000000ec080000,0x00000000ec400000)
 ParOldGen       total 68608K, used 43669K [0x00000000c0000000, 0x00000000c4300000, 0x00000000eab00000)
  object space 68608K, 63% used [0x00000000c0000000,0x00000000c2aa5630,0x00000000c4300000)
 Metaspace       used 47254K, committed 48512K, reserved 1114112K
  class space    used 4972K, committed 5504K, reserved 1048576K
}
Event: 3.828 GC heap after
{Heap after GC invocations=30 (full 2):
 PSYoungGen      total 22016K, used 3580K [0x00000000eab00000, 0x00000000ec400000, 0x0000000100000000)
  eden space 18432K, 0% used [0x00000000eab00000,0x00000000eab00000,0x00000000ebd00000)
  from space 3584K, 99% used [0x00000000ec080000,0x00000000ec3ff0e8,0x00000000ec400000)
  to   space 3584K, 0% used [0x00000000ebd00000,0x00000000ebd00000,0x00000000ec080000)
 ParOldGen       total 68608K, used 47072K [0x00000000c0000000, 0x00000000c4300000, 0x00000000eab00000)
  object space 68608K, 68% used [0x00000000c0000000,0x00000000c2df81d0,0x00000000c4300000)
 Metaspace       used 47254K, committed 48512K, reserved 1114112K
  class space    used 4972K, committed 5504K, reserved 1048576K
}
Event: 3.873 GC heap before
{Heap before GC invocations=31 (full 2):
 PSYoungGen      total 22016K, used 22012K [0x00000000eab00000, 0x00000000ec400000, 0x0000000100000000)
  eden space 18432K, 100% used [0x00000000eab00000,0x00000000ebd00000,0x00000000ebd00000)
  from space 3584K, 99% used [0x00000000ec080000,0x00000000ec3ff0e8,0x00000000ec400000)
  to   space 3584K, 0% used [0x00000000ebd00000,0x00000000ebd00000,0x00000000ec080000)
 ParOldGen       total 68608K, used 47072K [0x00000000c0000000, 0x00000000c4300000, 0x00000000eab00000)
  object space 68608K, 68% used [0x00000000c0000000,0x00000000c2df81d0,0x00000000c4300000)
 Metaspace       used 47646K, committed 48896K, reserved 1114112K
  class space    used 5025K, committed 5568K, reserved 1048576K
}
Event: 3.875 GC heap after
{Heap after GC invocations=31 (full 2):
 PSYoungGen      total 22016K, used 3582K [0x00000000eab00000, 0x00000000ec400000, 0x0000000100000000)
  eden space 18432K, 0% used [0x00000000eab00000,0x00000000eab00000,0x00000000ebd00000)
  from space 3584K, 99% used [0x00000000ebd00000,0x00000000ec07f890,0x00000000ec080000)
  to   space 3584K, 0% used [0x00000000ec080000,0x00000000ec080000,0x00000000ec400000)
 ParOldGen       total 68608K, used 50610K [0x00000000c0000000, 0x00000000c4300000, 0x00000000eab00000)
  object space 68608K, 73% used [0x00000000c0000000,0x00000000c316c8f0,0x00000000c4300000)
 Metaspace       used 47646K, committed 48896K, reserved 1114112K
  class space    used 5025K, committed 5568K, reserved 1048576K
}

