# JRE version: OpenJDK Runtime Environment Temurin-21.0.7+6 (21.0.7+6) (build 21.0.7+6-LTS)
# Java VM: OpenJDK 64-Bit Server VM Temurin-21.0.7+6 (21.0.7+6-LTS, mixed mode, sharing, tiered, compressed oops, compressed class ptrs, parallel gc, windows-amd64)
GC Precious Log:
 CardTable entry size: 512
 CPUs: 12 total, 12 available
 Memory: 16106M
 Large Page Support: Disabled
 NUMA Support: Disabled
 Compressed Oops: Enabled (32-bit)
 Alignments: Space 512K, Generation 512K, Heap 2M
 Heap Min Capacity: 100M
 Heap Initial Capacity: 100M
 Heap Max Capacity: 1G
 Pre-touch: Disabled
 Parallel Workers: 10
Heap:
 PSYoungGen      total 16896K, used 16889K [0x00000000eab00000, 0x00000000ecc00000, 0x0000000100000000)
  eden space 13824K, 100% used [0x00000000eab00000,0x00000000eb880000,0x00000000eb880000)
  from space 3072K, 99% used [0x00000000ec100000,0x00000000ec3fe578,0x00000000ec400000)
  to   space 8704K, 38% used [0x00000000eb880000,0x00000000ebbbe5b8,0x00000000ec100000)
 ParOldGen       total 83968K, used 83961K [0x00000000c0000000, 0x00000000c5200000, 0x00000000eab00000)
  object space 83968K, 99% used [0x00000000c0000000,0x00000000c51fe788,0x00000000c5200000)
 Metaspace       used 48868K, committed 50176K, reserved 1114112K
  class space    used 5142K, committed 5696K, reserved 1048576K
GC Heap History (20 events):
Event: 6.092 GC heap before
{Heap before GC invocations=31 (full 2):
 PSYoungGen      total 18944K, used 18920K [0x00000000eab00000, 0x00000000ecb80000, 0x0000000100000000)
  eden space 16384K, 100% used [0x00000000eab00000,0x00000000ebb00000,0x00000000ebb00000)
  from space 2560K, 99% used [0x00000000ec200000,0x00000000ec47a200,0x00000000ec480000)
  to   space 7168K, 0% used [0x00000000ebb00000,0x00000000ebb00000,0x00000000ec200000)
 ParOldGen       total 68608K, used 49734K [0x00000000c0000000, 0x00000000c4300000, 0x00000000eab00000)
  object space 68608K, 72% used [0x00000000c0000000,0x00000000c3091a40,0x00000000c4300000)
 Metaspace       used 48057K, committed 49344K, reserved 1114112K
  class space    used 5058K, committed 5632K, reserved 1048576K
}
Event: 6.094 GC heap after
{Heap after GC invocations=31 (full 2):
 PSYoungGen      total 19456K, used 2683K [0x00000000eab00000, 0x00000000ec300000, 0x0000000100000000)
  eden space 16384K, 0% used [0x00000000eab00000,0x00000000eab00000,0x00000000ebb00000)
  from space 3072K, 87% used [0x00000000ebb00000,0x00000000ebd9ee80,0x00000000ebe00000)
  to   space 4096K, 0% used [0x00000000ebf00000,0x00000000ebf00000,0x00000000ec300000)
 ParOldGen       total 68608K, used 52178K [0x00000000c0000000, 0x00000000c4300000, 0x00000000eab00000)
  object space 68608K, 76% used [0x00000000c0000000,0x00000000c32f48a8,0x00000000c4300000)
 Metaspace       used 48057K, committed 49344K, reserved 1114112K
  class space    used 5058K, committed 5632K, reserved 1048576K
}
Event: 6.186 GC heap before
{Heap before GC invocations=32 (full 2):
 PSYoungGen      total 19456K, used 19067K [0x00000000eab00000, 0x00000000ec300000, 0x0000000100000000)
  eden space 16384K, 100% used [0x00000000eab00000,0x00000000ebb00000,0x00000000ebb00000)
  from space 3072K, 87% used [0x00000000ebb00000,0x00000000ebd9ee80,0x00000000ebe00000)
  to   space 4096K, 0% used [0x00000000ebf00000,0x00000000ebf00000,0x00000000ec300000)
 ParOldGen       total 68608K, used 52178K [0x00000000c0000000, 0x00000000c4300000, 0x00000000eab00000)
  object space 68608K, 76% used [0x00000000c0000000,0x00000000c32f48a8,0x00000000c4300000)
 Metaspace       used 48745K, committed 49984K, reserved 1114112K
  class space    used 5129K, committed 5696K, reserved 1048576K
}
Event: 6.188 GC heap after
{Heap after GC invocations=32 (full 2):
 PSYoungGen      total 19968K, used 3191K [0x00000000eab00000, 0x00000000ec280000, 0x0000000100000000)
  eden space 16384K, 0% used [0x00000000eab00000,0x00000000eab00000,0x00000000ebb00000)
  from space 3584K, 89% used [0x00000000ebf00000,0x00000000ec21dc68,0x00000000ec280000)
  to   space 3584K, 0% used [0x00000000ebb80000,0x00000000ebb80000,0x00000000ebf00000)
 ParOldGen       total 68608K, used 54620K [0x00000000c0000000, 0x00000000c4300000, 0x00000000eab00000)
  object space 68608K, 79% used [0x00000000c0000000,0x00000000c3557020,0x00000000c4300000)
 Metaspace       used 48745K, committed 49984K, reserved 1114112K
  class space    used 5129K, committed 5696K, reserved 1048576K
}
Event: 6.290 GC heap before
{Heap before GC invocations=33 (full 2):
 PSYoungGen      total 19968K, used 19575K [0x00000000eab00000, 0x00000000ec280000, 0x0000000100000000)
  eden space 16384K, 100% used [0x00000000eab00000,0x00000000ebb00000,0x00000000ebb00000)
  from space 3584K, 89% used [0x00000000ebf00000,0x00000000ec21dc68,0x00000000ec280000)
  to   space 3584K, 0% used [0x00000000ebb80000,0x00000000ebb80000,0x00000000ebf00000)
 ParOldGen       total 68608K, used 54620K [0x00000000c0000000, 0x00000000c4300000, 0x00000000eab00000)
  object space 68608K, 79% used [0x00000000c0000000,0x00000000c3557020,0x00000000c4300000)
 Metaspace       used 48765K, committed 49984K, reserved 1114112K
  class space    used 5129K, committed 5696K, reserved 1048576K
}
Event: 6.292 GC heap after
{Heap after GC invocations=33 (full 2):
 PSYoungGen      total 19456K, used 3010K [0x00000000eab00000, 0x00000000ec200000, 0x0000000100000000)
  eden space 16384K, 0% used [0x00000000eab00000,0x00000000eab00000,0x00000000ebb00000)
  from space 3072K, 98% used [0x00000000ebb80000,0x00000000ebe70b08,0x00000000ebe80000)
  to   space 3584K, 0% used [0x00000000ebe80000,0x00000000ebe80000,0x00000000ec200000)
 ParOldGen       total 68608K, used 57500K [0x00000000c0000000, 0x00000000c4300000, 0x00000000eab00000)
  object space 68608K, 83% used [0x00000000c0000000,0x00000000c3827258,0x00000000c4300000)
 Metaspace       used 48765K, committed 49984K, reserved 1114112K
  class space    used 5129K, committed 5696K, reserved 1048576K
}
Event: 6.334 GC heap before
{Heap before GC invocations=34 (full 2):
 PSYoungGen      total 19456K, used 19394K [0x00000000eab00000, 0x00000000ec200000, 0x0000000100000000)
  eden space 16384K, 100% used [0x00000000eab00000,0x00000000ebb00000,0x00000000ebb00000)
  from space 3072K, 98% used [0x00000000ebb80000,0x00000000ebe70b08,0x00000000ebe80000)
  to   space 3584K, 0% used [0x00000000ebe80000,0x00000000ebe80000,0x00000000ec200000)
 ParOldGen       total 68608K, used 57500K [0x00000000c0000000, 0x00000000c4300000, 0x00000000eab00000)
  object space 68608K, 83% used [0x00000000c0000000,0x00000000c3827258,0x00000000c4300000)
 Metaspace       used 48786K, committed 50048K, reserved 1114112K
  class space    used 5129K, committed 5696K, reserved 1048576K
}
Event: 6.336 GC heap after
{Heap after GC invocations=34 (full 2):
 PSYoungGen      total 19968K, used 3266K [0x00000000eab00000, 0x00000000ec200000, 0x0000000100000000)
  eden space 16384K, 0% used [0x00000000eab00000,0x00000000eab00000,0x00000000ebb00000)
  from space 3584K, 91% used [0x00000000ebe80000,0x00000000ec1b0850,0x00000000ec200000)
  to   space 3584K, 0% used [0x00000000ebb00000,0x00000000ebb00000,0x00000000ebe80000)
 ParOldGen       total 68608K, used 60313K [0x00000000c0000000, 0x00000000c4300000, 0x00000000eab00000)
  object space 68608K, 87% used [0x00000000c0000000,0x00000000c3ae64b8,0x00000000c4300000)
 Metaspace       used 48786K, committed 50048K, reserved 1114112K
  class space    used 5129K, committed 5696K, reserved 1048576K
}
Event: 6.376 GC heap before
{Heap before GC invocations=35 (full 2):
 PSYoungGen      total 19968K, used 19650K [0x00000000eab00000, 0x00000000ec200000, 0x0000000100000000)
  eden space 16384K, 100% used [0x00000000eab00000,0x00000000ebb00000,0x00000000ebb00000)
  from space 3584K, 91% used [0x00000000ebe80000,0x00000000ec1b0850,0x00000000ec200000)
  to   space 3584K, 0% used [0x00000000ebb00000,0x00000000ebb00000,0x00000000ebe80000)
 ParOldGen       total 68608K, used 60313K [0x00000000c0000000, 0x00000000c4300000, 0x00000000eab00000)
  object space 68608K, 87% used [0x00000000c0000000,0x00000000c3ae64b8,0x00000000c4300000)
 Metaspace       used 48789K, committed 50112K, reserved 1114112K
  class space    used 5129K, committed 5696K, reserved 1048576K
}
Event: 6.378 GC heap after
{Heap after GC invocations=35 (full 2):
 PSYoungGen      total 19968K, used 3432K [0x00000000eab00000, 0x00000000ec200000, 0x0000000100000000)
  eden space 16384K, 0% used [0x00000000eab00000,0x00000000eab00000,0x00000000ebb00000)
  from space 3584K, 95% used [0x00000000ebb00000,0x00000000ebe5a2f8,0x00000000ebe80000)
  to   space 3584K, 0% used [0x00000000ebe80000,0x00000000ebe80000,0x00000000ec200000)
 ParOldGen       total 68608K, used 63343K [0x00000000c0000000, 0x00000000c4300000, 0x00000000eab00000)
  object space 68608K, 92% used [0x00000000c0000000,0x00000000c3ddbcd0,0x00000000c4300000)
 Metaspace       used 48789K, committed 50112K, reserved 1114112K
  class space    used 5129K, committed 5696K, reserved 1048576K
}
Event: 6.419 GC heap before
{Heap before GC invocations=36 (full 2):
 PSYoungGen      total 19968K, used 19816K [0x00000000eab00000, 0x00000000ec200000, 0x0000000100000000)
  eden space 16384K, 100% used [0x00000000eab00000,0x00000000ebb00000,0x00000000ebb00000)
  from space 3584K, 95% used [0x00000000ebb00000,0x00000000ebe5a2f8,0x00000000ebe80000)
  to   space 3584K, 0% used [0x00000000ebe80000,0x00000000ebe80000,0x00000000ec200000)
 ParOldGen       total 68608K, used 63343K [0x00000000c0000000, 0x00000000c4300000, 0x00000000eab00000)
  object space 68608K, 92% used [0x00000000c0000000,0x00000000c3ddbcd0,0x00000000c4300000)
 Metaspace       used 48789K, committed 50112K, reserved 1114112K
  class space    used 5129K, committed 5696K, reserved 1048576K
}
Event: 6.421 GC heap after
{Heap after GC invocations=36 (full 2):
 PSYoungGen      total 19968K, used 3156K [0x00000000eab00000, 0x00000000ec200000, 0x0000000100000000)
  eden space 16384K, 0% used [0x00000000eab00000,0x00000000eab00000,0x00000000ebb00000)
  from space 3584K, 88% used [0x00000000ebe80000,0x00000000ec195090,0x00000000ec200000)
  to   space 3584K, 0% used [0x00000000ebb00000,0x00000000ebb00000,0x00000000ebe80000)
 ParOldGen       total 68608K, used 66476K [0x00000000c0000000, 0x00000000c4300000, 0x00000000eab00000)
  object space 68608K, 96% used [0x00000000c0000000,0x00000000c40eb2b8,0x00000000c4300000)
 Metaspace       used 48789K, committed 50112K, reserved 1114112K
  class space    used 5129K, committed 5696K, reserved 1048576K
}
Event: 6.468 GC heap before
{Heap before GC invocations=37 (full 2):
 PSYoungGen      total 19968K, used 19540K [0x00000000eab00000, 0x00000000ec200000, 0x0000000100000000)
  eden space 16384K, 100% used [0x00000000eab00000,0x00000000ebb00000,0x00000000ebb00000)
  from space 3584K, 88% used [0x00000000ebe80000,0x00000000ec195090,0x00000000ec200000)
  to   space 3584K, 0% used [0x00000000ebb00000,0x00000000ebb00000,0x00000000ebe80000)
 ParOldGen       total 68608K, used 66476K [0x00000000c0000000, 0x00000000c4300000, 0x00000000eab00000)
  object space 68608K, 96% used [0x00000000c0000000,0x00000000c40eb2b8,0x00000000c4300000)
 Metaspace       used 48794K, committed 50112K, reserved 1114112K
  class space    used 5129K, committed 5696K, reserved 1048576K
}
Event: 6.471 GC heap after
{Heap after GC invocations=37 (full 2):
 PSYoungGen      total 19968K, used 3566K [0x00000000eab00000, 0x00000000eca00000, 0x0000000100000000)
  eden space 16384K, 0% used [0x00000000eab00000,0x00000000eab00000,0x00000000ebb00000)
  from space 3584K, 99% used [0x00000000ebb00000,0x00000000ebe7ba78,0x00000000ebe80000)
  to   space 7680K, 0% used [0x00000000ec280000,0x00000000ec280000,0x00000000eca00000)
 ParOldGen       total 70144K, used 69664K [0x00000000c0000000, 0x00000000c4480000, 0x00000000eab00000)
  object space 70144K, 99% used [0x00000000c0000000,0x00000000c44083d8,0x00000000c4480000)
 Metaspace       used 48794K, committed 50112K, reserved 1114112K
  class space    used 5129K, committed 5696K, reserved 1048576K
}
Event: 6.513 GC heap before
{Heap before GC invocations=38 (full 2):
 PSYoungGen      total 19968K, used 19950K [0x00000000eab00000, 0x00000000eca00000, 0x0000000100000000)
  eden space 16384K, 100% used [0x00000000eab00000,0x00000000ebb00000,0x00000000ebb00000)
  from space 3584K, 99% used [0x00000000ebb00000,0x00000000ebe7ba78,0x00000000ebe80000)
  to   space 7680K, 0% used [0x00000000ec280000,0x00000000ec280000,0x00000000eca00000)
 ParOldGen       total 70144K, used 69664K [0x00000000c0000000, 0x00000000c4480000, 0x00000000eab00000)
  object space 70144K, 99% used [0x00000000c0000000,0x00000000c44083d8,0x00000000c4480000)
 Metaspace       used 48867K, committed 50176K, reserved 1114112K
  class space    used 5142K, committed 5696K, reserved 1048576K
}
Event: 6.515 GC heap after
{Heap after GC invocations=38 (full 2):
 PSYoungGen      total 19968K, used 3374K [0x00000000eab00000, 0x00000000ec600000, 0x0000000100000000)
  eden space 16384K, 0% used [0x00000000eab00000,0x00000000eab00000,0x00000000ebb00000)
  from space 3584K, 94% used [0x00000000ec280000,0x00000000ec5cbb10,0x00000000ec600000)
  to   space 4608K, 0% used [0x00000000ebd00000,0x00000000ebd00000,0x00000000ec180000)
 ParOldGen       total 73216K, used 73076K [0x00000000c0000000, 0x00000000c4780000, 0x00000000eab00000)
  object space 73216K, 99% used [0x00000000c0000000,0x00000000c475d370,0x00000000c4780000)
 Metaspace       used 48867K, committed 50176K, reserved 1114112K
  class space    used 5142K, committed 5696K, reserved 1048576K
}
Event: 6.560 GC heap before
{Heap before GC invocations=39 (full 2):
 PSYoungGen      total 19968K, used 19758K [0x00000000eab00000, 0x00000000ec600000, 0x0000000100000000)
  eden space 16384K, 100% used [0x00000000eab00000,0x00000000ebb00000,0x00000000ebb00000)
  from space 3584K, 94% used [0x00000000ec280000,0x00000000ec5cbb10,0x00000000ec600000)
  to   space 4608K, 0% used [0x00000000ebd00000,0x00000000ebd00000,0x00000000ec180000)
 ParOldGen       total 73216K, used 73076K [0x00000000c0000000, 0x00000000c4780000, 0x00000000eab00000)
  object space 73216K, 99% used [0x00000000c0000000,0x00000000c475d370,0x00000000c4780000)
 Metaspace       used 48868K, committed 50176K, reserved 1114112K
  class space    used 5142K, committed 5696K, reserved 1048576K
}
Event: 6.562 GC heap after
{Heap after GC invocations=39 (full 2):
 PSYoungGen      total 20480K, used 4032K [0x00000000eab00000, 0x00000000ec400000, 0x0000000100000000)
  eden space 16384K, 0% used [0x00000000eab00000,0x00000000eab00000,0x00000000ebb00000)
  from space 4096K, 98% used [0x00000000ebd00000,0x00000000ec0f0380,0x00000000ec100000)
  to   space 3072K, 0% used [0x00000000ec100000,0x00000000ec100000,0x00000000ec400000)
 ParOldGen       total 76288K, used 76222K [0x00000000c0000000, 0x00000000c4a80000, 0x00000000eab00000)
  object space 76288K, 99% used [0x00000000c0000000,0x00000000c4a6f8b8,0x00000000c4a80000)
 Metaspace       used 48868K, committed 50176K, reserved 1114112K
  class space    used 5142K, committed 5696K, reserved 1048576K
}
Event: 6.607 GC heap before
{Heap before GC invocations=40 (full 2):
 PSYoungGen      total 20480K, used 20416K [0x00000000eab00000, 0x00000000ec400000, 0x0000000100000000)
  eden space 16384K, 100% used [0x00000000eab00000,0x00000000ebb00000,0x00000000ebb00000)
  from space 4096K, 98% used [0x00000000ebd00000,0x00000000ec0f0380,0x00000000ec100000)
  to   space 3072K, 0% used [0x00000000ec100000,0x00000000ec100000,0x00000000ec400000)
 ParOldGen       total 76288K, used 76222K [0x00000000c0000000, 0x00000000c4a80000, 0x00000000eab00000)
  object space 76288K, 99% used [0x00000000c0000000,0x00000000c4a6f8b8,0x00000000c4a80000)
 Metaspace       used 48868K, committed 50176K, reserved 1114112K
  class space    used 5142K, committed 5696K, reserved 1048576K
}
Event: 6.609 GC heap after
{Heap after GC invocations=40 (full 2):
 PSYoungGen      total 16896K, used 3065K [0x00000000eab00000, 0x00000000ecc00000, 0x0000000100000000)
  eden space 13824K, 0% used [0x00000000eab00000,0x00000000eab00000,0x00000000eb880000)
  from space 3072K, 99% used [0x00000000ec100000,0x00000000ec3fe578,0x00000000ec400000)
  to   space 8704K, 0% used [0x00000000eb880000,0x00000000eb880000,0x00000000ec100000)
 ParOldGen       total 81408K, used 81138K [0x00000000c0000000, 0x00000000c4f80000, 0x00000000eab00000)
  object space 81408K, 99% used [0x00000000c0000000,0x00000000c4f3caf0,0x00000000c4f80000)
 Metaspace       used 48868K, committed 50176K, reserved 1114112K
  class space    used 5142K, committed 5696K, reserved 1048576K
}

